<?xml version="1.0" encoding="UTF-8"?>
<!-- Generated by org.testng.reporters.JUnitReportReporter -->
<testsuite hostname="DESKTOP-QKHCBTS" failures="0" tests="2" name="com.pacifichunt.tests.LoginAsJobSeekerTest" time="24.638" errors="0" timestamp="2024-07-23T08:10:34 NPT" skipped="0">
  <testcase classname="com.pacifichunt.tests.LoginAsJobSeekerTest" name="verifyValidLoginAsEmployer" time="15.708"/>
  <system-out>
    <![CDATA[
== EXECUTING VERY HIGH PRIORITY TEST ==

=== Your Test has been Passed Successfully ===
]]>
  </system-out>
  <testcase classname="com.pacifichunt.tests.LoginAsJobSeekerTest" name="verifyEmptyUsernameAndEmptyPassword" time="8.930"/>
  <system-out>
    <![CDATA[
== EXECUTING MEDIUM PRIORITY TEST ==

=== Your Test has been Passed Successfully ===
]]>
  </system-out>
</testsuite> <!-- com.pacifichunt.tests.LoginAsJobSeekerTest -->
