<?xml version="1.0" encoding="UTF-8"?>
<!-- Generated by org.testng.reporters.JUnitReportReporter -->
<testsuite hostname="DESKTOP-QKHCBTS" failures="0" tests="2" name="com.pacifichunt.tests.LoginAsEmployerTest" time="12.029" errors="0" timestamp="2024-07-23T12:50:24 NPT" skipped="0">
  <testcase classname="com.pacifichunt.tests.LoginAsEmployerTest" name="verifyValidLoginAsEmployer" time="7.875"/>
  <system-out>
    <![CDATA[
== EXECUTING VERY HIGH PRIORITY TEST ==
Before Finding ElementBy.xpath: //button[.='Login']
Before Clicking:[[ChromeDriver: chrome on windows (3757665408f57e135a9ebfbb8ef86826)] -> xpath: //button[.='Login']]
After Clicking:[[ChromeDriver: chrome on windows (3757665408f57e135a9ebfbb8ef86826)] -> xpath: //button[.='Login']]
Before Finding ElementBy.xpath: //button[.='LOGIN AS EMPLOYER']
Before Clicking:[[ChromeDriver: chrome on windows (3757665408f57e135a9ebfbb8ef86826)] -> xpath: //button[.='LOGIN AS EMPLOYER']]
After Clicking:[[ChromeDriver: chrome on windows (3757665408f57e135a9ebfbb8ef86826)] -> xpath: //button[.='LOGIN AS EMPLOYER']]
Before Finding ElementBy.name: email
Before sending any values to input field[[ChromeDriver: chrome on windows (3757665408f57e135a9ebfbb8ef86826)] -> name: email]
Before Finding ElementBy.name: password
Before sending any values to input field[[ChromeDriver: chrome on windows (3757665408f57e135a9ebfbb8ef86826)] -> name: password]
Before Finding ElementBy.xpath: //button[@type='submit']
Before Clicking:[[ChromeDriver: chrome on windows (3757665408f57e135a9ebfbb8ef86826)] -> xpath: //button[@type='submit']]
After Clicking:[[ChromeDriver: chrome on windows (3757665408f57e135a9ebfbb8ef86826)] -> xpath: //button[@type='submit']]
Before Finding ElementBy.xpath: //li[.='Dashboard']
After getting Text from the element:[[ChromeDriver: chrome on windows (3757665408f57e135a9ebfbb8ef86826)] -> xpath: //li[.='Dashboard']]

=== Your Test has been Passed Successfully ===
]]>
  </system-out>
  <testcase classname="com.pacifichunt.tests.LoginAsEmployerTest" name="verifyEmptyUsernameAndEmptyPassword" time="4.154"/>
  <system-out>
    <![CDATA[
== EXECUTING MEDIUM PRIORITY TEST ==
Before Finding ElementBy.xpath: //button[.='Login']
Before Clicking:[[ChromeDriver: chrome on windows (8d72bafbc6a77a4dde4af575440258a9)] -> xpath: //button[.='Login']]
After Clicking:[[ChromeDriver: chrome on windows (8d72bafbc6a77a4dde4af575440258a9)] -> xpath: //button[.='Login']]
Before Finding ElementBy.xpath: //button[.='LOGIN AS EMPLOYER']
Before Clicking:[[ChromeDriver: chrome on windows (8d72bafbc6a77a4dde4af575440258a9)] -> xpath: //button[.='LOGIN AS EMPLOYER']]
After Clicking:[[ChromeDriver: chrome on windows (8d72bafbc6a77a4dde4af575440258a9)] -> xpath: //button[.='LOGIN AS EMPLOYER']]
Before Finding ElementBy.name: email
Before sending any values to input field[[ChromeDriver: chrome on windows (8d72bafbc6a77a4dde4af575440258a9)] -> name: email]
Before Finding ElementBy.name: password
Before sending any values to input field[[ChromeDriver: chrome on windows (8d72bafbc6a77a4dde4af575440258a9)] -> name: password]
Before Finding ElementBy.xpath: //button[@type='submit']
Before Clicking:[[ChromeDriver: chrome on windows (8d72bafbc6a77a4dde4af575440258a9)] -> xpath: //button[@type='submit']]
After Clicking:[[ChromeDriver: chrome on windows (8d72bafbc6a77a4dde4af575440258a9)] -> xpath: //button[@type='submit']]
Before Finding ElementBy.xpath: //p[.='Email is required']
After getting Text from the element:[[ChromeDriver: chrome on windows (8d72bafbc6a77a4dde4af575440258a9)] -> xpath: //p[.='Email is required']]

=== Your Test has been Passed Successfully ===
]]>
  </system-out>
</testsuite> <!-- com.pacifichunt.tests.LoginAsEmployerTest -->
