<?xml version="1.0" encoding="UTF-8"?>
<!-- Generated by org.testng.reporters.JUnitReportReporter -->
<testsuite hostname="DESKTOP-QKHCBTS" failures="0" tests="2" name="com.pacifichunt.tests.LoginAsJobSeekerTest" time="13.656" errors="0" timestamp="2024-07-23T12:59:38 NPT" skipped="0">
  <testcase classname="com.pacifichunt.tests.LoginAsJobSeekerTest" name="verifyValidLoginAsJobSeeker" time="7.215"/>
  <system-out>
    <![CDATA[
== EXECUTING VERY HIGH PRIORITY TEST ==
Before Finding ElementBy.xpath: //button[.='Login']
Before Clicking:[[ChromeDriver: chrome on windows (1aba75292f8ddab1cb8e2cc69e536912)] -> xpath: //button[.='Login']]
After Clicking:[[ChromeDriver: chrome on windows (1aba75292f8ddab1cb8e2cc69e536912)] -> xpath: //button[.='Login']]
Before Finding ElementBy.xpath: //button[.='LOGIN AS JOBSEEKER']
Before Clicking:[[ChromeDriver: chrome on windows (1aba75292f8ddab1cb8e2cc69e536912)] -> xpath: //button[.='LOGIN AS JOBSEEKER']]
After Clicking:[[ChromeDriver: chrome on windows (1aba75292f8ddab1cb8e2cc69e536912)] -> xpath: //button[.='LOGIN AS JOBSEEKER']]
Before Finding ElementBy.name: email
Before sending any values to input field[[ChromeDriver: chrome on windows (1aba75292f8ddab1cb8e2cc69e536912)] -> name: email]
Before Finding ElementBy.name: password
Before sending any values to input field[[ChromeDriver: chrome on windows (1aba75292f8ddab1cb8e2cc69e536912)] -> name: password]
Before Finding ElementBy.xpath: //button[@type='submit']
Before Clicking:[[ChromeDriver: chrome on windows (1aba75292f8ddab1cb8e2cc69e536912)] -> xpath: //button[@type='submit']]
After Clicking:[[ChromeDriver: chrome on windows (1aba75292f8ddab1cb8e2cc69e536912)] -> xpath: //button[@type='submit']]
Before Finding ElementBy.xpath: //li[.='Dashboard']
After getting Text from the element:[[ChromeDriver: chrome on windows (1aba75292f8ddab1cb8e2cc69e536912)] -> xpath: //li[.='Dashboard']]

=== Your Test has been Passed Successfully ===
]]>
  </system-out>
  <testcase classname="com.pacifichunt.tests.LoginAsJobSeekerTest" name="verifyEmptyUsernameAndEmptyPassword" time="6.441"/>
  <system-out>
    <![CDATA[
== EXECUTING MEDIUM PRIORITY TEST ==
Before Finding ElementBy.xpath: //button[.='Login']
Before Clicking:[[ChromeDriver: chrome on windows (9ed2b4adabe22a13238734ada96f7178)] -> xpath: //button[.='Login']]
After Clicking:[[ChromeDriver: chrome on windows (9ed2b4adabe22a13238734ada96f7178)] -> xpath: //button[.='Login']]
Before Finding ElementBy.xpath: //button[.='LOGIN AS JOBSEEKER']
Before Clicking:[[ChromeDriver: chrome on windows (9ed2b4adabe22a13238734ada96f7178)] -> xpath: //button[.='LOGIN AS JOBSEEKER']]
After Clicking:[[ChromeDriver: chrome on windows (9ed2b4adabe22a13238734ada96f7178)] -> xpath: //button[.='LOGIN AS JOBSEEKER']]
Before Finding ElementBy.name: email
Before sending any values to input field[[ChromeDriver: chrome on windows (9ed2b4adabe22a13238734ada96f7178)] -> name: email]
Before Finding ElementBy.name: password
Before sending any values to input field[[ChromeDriver: chrome on windows (9ed2b4adabe22a13238734ada96f7178)] -> name: password]
Before Finding ElementBy.xpath: //button[@type='submit']
Before Clicking:[[ChromeDriver: chrome on windows (9ed2b4adabe22a13238734ada96f7178)] -> xpath: //button[@type='submit']]
After Clicking:[[ChromeDriver: chrome on windows (9ed2b4adabe22a13238734ada96f7178)] -> xpath: //button[@type='submit']]
Before Finding ElementBy.xpath: //p[.='Email is required']
After getting Text from the element:[[ChromeDriver: chrome on windows (9ed2b4adabe22a13238734ada96f7178)] -> xpath: //p[.='Email is required']]

=== Your Test has been Passed Successfully ===
]]>
  </system-out>
</testsuite> <!-- com.pacifichunt.tests.LoginAsJobSeekerTest -->
