<?xml version="1.0" encoding="UTF-8"?>
<!-- Generated by org.testng.reporters.JUnitReportReporter -->
<testsuite hostname="DESKTOP-QKHCBTS" failures="0" tests="2" name="com.pacifichunt.tests.LoginAsEmployerTest" time="19.908" errors="0" timestamp="2024-07-23T07:50:22 NPT" skipped="0">
  <testcase classname="com.pacifichunt.tests.LoginAsEmployerTest" name="verifyValidLoginAsEmployer" time="15.550"/>
  <system-out>
    <![CDATA[
== EXECUTING VERY HIGH PRIORITY TEST ==

=== Your Test has been Passed Successfully ===
]]>
  </system-out>
  <testcase classname="com.pacifichunt.tests.LoginAsEmployerTest" name="verifyEmptyUsernameAndEmptyPassword" time="4.358"/>
  <system-out>
    <![CDATA[
== EXECUTING MEDIUM PRIORITY TEST ==

=== Your Test has been Passed Successfully ===
]]>
  </system-out>
</testsuite> <!-- com.pacifichunt.tests.LoginAsEmployerTest -->
