<?xml version="1.0" encoding="UTF-8"?>
<!-- Generated by org.testng.reporters.JUnitReportReporter -->
<testsuite hostname="DESKTOP-QKHCBTS" failures="0" tests="5" name="com.pacifichunt.tests.LoginAsEmployerTest" time="24.339" errors="0" timestamp="2024-07-23T13:10:48 NPT" skipped="1">
  <testcase classname="com.pacifichunt.tests.LoginAsEmployerTest" name="verifyMultipleLoginScenario" time="10.458"/>
  <system-out>
    <![CDATA[
== EXECUTING MEDIUM PRIORITY TEST ==
Before Finding ElementBy.xpath: //button[.='Login']
Before Clicking:[[ChromeDriver: chrome on windows (296bd8e906b0f57fcdb24bf394879085)] -> xpath: //button[.='Login']]
After Clicking:[[ChromeDriver: chrome on windows (296bd8e906b0f57fcdb24bf394879085)] -> xpath: //button[.='Login']]
Before Finding ElementBy.xpath: //button[.='LOGIN AS EMPLOYER']
Before Clicking:[[ChromeDriver: chrome on windows (296bd8e906b0f57fcdb24bf394879085)] -> xpath: //button[.='LOGIN AS EMPLOYER']]
After Clicking:[[ChromeDriver: chrome on windows (296bd8e906b0f57fcdb24bf394879085)] -> xpath: //button[.='LOGIN AS EMPLOYER']]
Before Finding ElementBy.name: email
Before sending any values to input field[[ChromeDriver: chrome on windows (296bd8e906b0f57fcdb24bf394879085)] -> name: email]
Before Finding ElementBy.name: password
Before sending any values to input field[[ChromeDriver: chrome on windows (296bd8e906b0f57fcdb24bf394879085)] -> name: password]
Before Finding ElementBy.xpath: //button[@type='submit']
Before Clicking:[[ChromeDriver: chrome on windows (296bd8e906b0f57fcdb24bf394879085)] -> xpath: //button[@type='submit']]
After Clicking:[[ChromeDriver: chrome on windows (296bd8e906b0f57fcdb24bf394879085)] -> xpath: //button[@type='submit']]]]>
  </system-out>
  <testcase classname="com.pacifichunt.tests.LoginAsEmployerTest" name="verifyEmptyUsernameAndEmptyPassword" time="4.154"/>
  <system-out>
    <![CDATA[
== EXECUTING MEDIUM PRIORITY TEST ==
Before Finding ElementBy.xpath: //button[.='Login']
Before Clicking:[[ChromeDriver: chrome on windows (7f04705b1ae3ae1aebcb723ffe6b0daf)] -> xpath: //button[.='Login']]
After Clicking:[[ChromeDriver: chrome on windows (7f04705b1ae3ae1aebcb723ffe6b0daf)] -> xpath: //button[.='Login']]
Before Finding ElementBy.xpath: //button[.='LOGIN AS EMPLOYER']
Before Clicking:[[ChromeDriver: chrome on windows (7f04705b1ae3ae1aebcb723ffe6b0daf)] -> xpath: //button[.='LOGIN AS EMPLOYER']]
After Clicking:[[ChromeDriver: chrome on windows (7f04705b1ae3ae1aebcb723ffe6b0daf)] -> xpath: //button[.='LOGIN AS EMPLOYER']]
Before Finding ElementBy.name: email
Before sending any values to input field[[ChromeDriver: chrome on windows (7f04705b1ae3ae1aebcb723ffe6b0daf)] -> name: email]
Before Finding ElementBy.name: password
Before sending any values to input field[[ChromeDriver: chrome on windows (7f04705b1ae3ae1aebcb723ffe6b0daf)] -> name: password]
Before Finding ElementBy.xpath: //button[@type='submit']
Before Clicking:[[ChromeDriver: chrome on windows (7f04705b1ae3ae1aebcb723ffe6b0daf)] -> xpath: //button[@type='submit']]
After Clicking:[[ChromeDriver: chrome on windows (7f04705b1ae3ae1aebcb723ffe6b0daf)] -> xpath: //button[@type='submit']]
Before Finding ElementBy.xpath: //p[.='Email is required']
After getting Text from the element:[[ChromeDriver: chrome on windows (7f04705b1ae3ae1aebcb723ffe6b0daf)] -> xpath: //p[.='Email is required']]

=== Your Test has been Passed Successfully ===
]]>
  </system-out>
  <testcase classname="com.pacifichunt.tests.LoginAsEmployerTest" name="verifyMultipleLoginScenario" time="4.137"/>
  <system-out>
    <![CDATA[
== EXECUTING MEDIUM PRIORITY TEST ==
Before Finding ElementBy.xpath: //button[.='Login']
Before Clicking:[[ChromeDriver: chrome on windows (e660332f18264f33da75fc228f84a528)] -> xpath: //button[.='Login']]
After Clicking:[[ChromeDriver: chrome on windows (e660332f18264f33da75fc228f84a528)] -> xpath: //button[.='Login']]
Before Finding ElementBy.xpath: //button[.='LOGIN AS EMPLOYER']
Before Clicking:[[ChromeDriver: chrome on windows (e660332f18264f33da75fc228f84a528)] -> xpath: //button[.='LOGIN AS EMPLOYER']]
After Clicking:[[ChromeDriver: chrome on windows (e660332f18264f33da75fc228f84a528)] -> xpath: //button[.='LOGIN AS EMPLOYER']]
Before Finding ElementBy.name: email
Before sending any values to input field[[ChromeDriver: chrome on windows (e660332f18264f33da75fc228f84a528)] -> name: email]
Before Finding ElementBy.name: password
Before sending any values to input field[[ChromeDriver: chrome on windows (e660332f18264f33da75fc228f84a528)] -> name: password]
Before Finding ElementBy.xpath: //button[@type='submit']
Before Clicking:[[ChromeDriver: chrome on windows (e660332f18264f33da75fc228f84a528)] -> xpath: //button[@type='submit']]
After Clicking:[[ChromeDriver: chrome on windows (e660332f18264f33da75fc228f84a528)] -> xpath: //button[@type='submit']]]]>
  </system-out>
  <testcase classname="com.pacifichunt.tests.LoginAsEmployerTest" name="verifyMultipleLoginScenario" time="5.590"/>
  <system-out>
    <![CDATA[
== EXECUTING MEDIUM PRIORITY TEST ==
Before Finding ElementBy.xpath: //button[.='Login']
Before Clicking:[[ChromeDriver: chrome on windows (2e397fa92813096db3d5831da36ba7dd)] -> xpath: //button[.='Login']]
After Clicking:[[ChromeDriver: chrome on windows (2e397fa92813096db3d5831da36ba7dd)] -> xpath: //button[.='Login']]
Before Finding ElementBy.xpath: //button[.='LOGIN AS EMPLOYER']
Before Clicking:[[ChromeDriver: chrome on windows (2e397fa92813096db3d5831da36ba7dd)] -> xpath: //button[.='LOGIN AS EMPLOYER']]
After Clicking:[[ChromeDriver: chrome on windows (2e397fa92813096db3d5831da36ba7dd)] -> xpath: //button[.='LOGIN AS EMPLOYER']]
Before Finding ElementBy.name: email
Before sending any values to input field[[ChromeDriver: chrome on windows (2e397fa92813096db3d5831da36ba7dd)] -> name: email]
Before Finding ElementBy.name: password
Before sending any values to input field[[ChromeDriver: chrome on windows (2e397fa92813096db3d5831da36ba7dd)] -> name: password]
Before Finding ElementBy.xpath: //button[@type='submit']
Before Clicking:[[ChromeDriver: chrome on windows (2e397fa92813096db3d5831da36ba7dd)] -> xpath: //button[@type='submit']]
After Clicking:[[ChromeDriver: chrome on windows (2e397fa92813096db3d5831da36ba7dd)] -> xpath: //button[@type='submit']]]]>
  </system-out>
  <testcase classname="com.pacifichunt.tests.LoginAsEmployerTest" name="verifyValidLoginAsEmployer">
    <skipped/>
  </testcase> <!-- verifyValidLoginAsEmployer -->
  <system-out/>
</testsuite> <!-- com.pacifichunt.tests.LoginAsEmployerTest -->
